<?xml version="1.0" encoding="UTF-8"?>
<testng-results ignored="0" total="1" passed="1" failed="0" skipped="0">
  <reporter-output>
  </reporter-output>
  <suite started-at="2024-08-08T14:11:04Z" name="Default suite" finished-at="2024-08-08T14:11:06Z" duration-ms="2315">
    <groups>
    </groups>
    <test started-at="2024-08-08T14:11:04Z" name="Default test" finished-at="2024-08-08T14:11:06Z" duration-ms="2315">
      <class name="ComparePDF.PDF01.PDFReader">
        <test-method signature="readPDFFile()[pri:0, instance:ComparePDF.PDF01.PDFReader@5be1d0a4]" started-at="2024-08-08T14:11:04Z" name="readPDFFile" finished-at="2024-08-08T14:11:06Z" duration-ms="2236" status="PASS">
          <reporter-output>
          </reporter-output>
        </test-method> <!-- readPDFFile -->
      </class> <!-- ComparePDF.PDF01.PDFReader -->
    </test> <!-- Default test -->
  </suite> <!-- Default suite -->
</testng-results>
